2013-09-07 13:54:24,518 [localhost-startStop-1] ERROR StackTrace  - Full Stack Trace:
java.net.UnknownHostException: 154-78.priv23.nus.edu.sg: 154-78.priv23.nus.edu.sg: nodename nor servname provided, or not known
	at java.net.InetAddress.getLocalHost(InetAddress.java:1466)
	at net.sf.ehcache.Cache.<clinit>(Cache.java:200)
	at net.sf.ehcache.config.ConfigurationHelper.createCache(ConfigurationHelper.java:302)
	at net.sf.ehcache.config.ConfigurationHelper.createDefaultCache(ConfigurationHelper.java:218)
	at net.sf.ehcache.CacheManager.configure(CacheManager.java:618)
	at net.sf.ehcache.CacheManager.init(CacheManager.java:361)
	at net.sf.ehcache.CacheManager.<init>(CacheManager.java:230)
	at net.sf.ehcache.hibernate.EhCacheRegionFactory.start(EhCacheRegionFactory.java:70)
	at org.hibernate.impl.SessionFactoryImpl.<init>(SessionFactoryImpl.java:238)
	at org.hibernate.cfg.Configuration.buildSessionFactory(Configuration.java:1872)
	at org.codehaus.groovy.grails.orm.hibernate.cfg.GrailsAnnotationConfiguration.buildSessionFactory(GrailsAnnotationConfiguration.java:133)
	at org.springframework.orm.hibernate3.LocalSessionFactoryBean.newSessionFactory(LocalSessionFactoryBean.java:860)
	at org.codehaus.groovy.grails.orm.hibernate.ConfigurableLocalSessionFactoryBean.newSessionFactory(ConfigurableLocalSessionFactoryBean.java:186)
	at org.springframework.orm.hibernate3.LocalSessionFactoryBean.buildSessionFactory(LocalSessionFactoryBean.java:779)
	at org.springframework.orm.hibernate3.AbstractSessionFactoryBean.afterPropertiesSet(AbstractSessionFactoryBean.java:188)
	at org.codehaus.groovy.grails.orm.hibernate.ConfigurableLocalSessionFactoryBean.afterPropertiesSet(ConfigurableLocalSessionFactoryBean.java:176)
	at org.springframework.beans.factory.support.AbstractAutowireCapableBeanFactory.invokeInitMethods(AbstractAutowireCapableBeanFactory.java:1514)
	at org.springframework.beans.factory.support.AbstractAutowireCapableBeanFactory.initializeBean(AbstractAutowireCapableBeanFactory.java:1452)
	at org.springframework.beans.factory.support.AbstractAutowireCapableBeanFactory.doCreateBean(AbstractAutowireCapableBeanFactory.java:519)
	at org.codehaus.groovy.grails.commons.spring.ReloadAwareAutowireCapableBeanFactory.doCreateBean(ReloadAwareAutowireCapableBeanFactory.java:122)
	at org.springframework.beans.factory.support.AbstractAutowireCapableBeanFactory.createBean(AbstractAutowireCapableBeanFactory.java:456)
	at org.springframework.beans.factory.support.AbstractBeanFactory$1.getObject(AbstractBeanFactory.java:294)
	at org.springframework.beans.factory.support.DefaultSingletonBeanRegistry.getSingleton(DefaultSingletonBeanRegistry.java:225)
	at org.springframework.beans.factory.support.AbstractBeanFactory.doGetBean(AbstractBeanFactory.java:291)
	at org.springframework.beans.factory.support.AbstractBeanFactory.getBean(AbstractBeanFactory.java:193)
	at org.springframework.beans.factory.support.BeanDefinitionValueResolver.resolveReference(BeanDefinitionValueResolver.java:323)
	at org.springframework.beans.factory.support.BeanDefinitionValueResolver.resolveValueIfNecessary(BeanDefinitionValueResolver.java:107)
	at org.springframework.beans.factory.support.AbstractAutowireCapableBeanFactory.applyPropertyValues(AbstractAutowireCapableBeanFactory.java:1360)
	at org.springframework.beans.factory.support.AbstractAutowireCapableBeanFactory.populateBean(AbstractAutowireCapableBeanFactory.java:1118)
	at org.springframework.beans.factory.support.AbstractAutowireCapableBeanFactory.doCreateBean(AbstractAutowireCapableBeanFactory.java:517)
	at org.codehaus.groovy.grails.commons.spring.ReloadAwareAutowireCapableBeanFactory.doCreateBean(ReloadAwareAutowireCapableBeanFactory.java:122)
	at org.springframework.beans.factory.support.AbstractAutowireCapableBeanFactory.createBean(AbstractAutowireCapableBeanFactory.java:456)
	at org.springframework.beans.factory.support.AbstractBeanFactory$1.getObject(AbstractBeanFactory.java:294)
	at org.springframework.beans.factory.support.DefaultSingletonBeanRegistry.getSingleton(DefaultSingletonBeanRegistry.java:225)
	at org.springframework.beans.factory.support.AbstractBeanFactory.doGetBean(AbstractBeanFactory.java:291)
	at org.springframework.beans.factory.support.AbstractBeanFactory.getBean(AbstractBeanFactory.java:197)
	at org.codehaus.groovy.grails.orm.support.TransactionManagerPostProcessor.initialize(TransactionManagerPostProcessor.java:74)
	at org.codehaus.groovy.grails.orm.support.TransactionManagerPostProcessor.setBeanFactory(TransactionManagerPostProcessor.java:52)
	at org.springframework.beans.factory.support.AbstractAutowireCapableBeanFactory.invokeAwareMethods(AbstractAutowireCapableBeanFactory.java:1475)
	at org.springframework.beans.factory.support.AbstractAutowireCapableBeanFactory.initializeBean(AbstractAutowireCapableBeanFactory.java:1443)
	at org.springframework.beans.factory.support.AbstractAutowireCapableBeanFactory.doCreateBean(AbstractAutowireCapableBeanFactory.java:519)
	at org.codehaus.groovy.grails.commons.spring.ReloadAwareAutowireCapableBeanFactory.doCreateBean(ReloadAwareAutowireCapableBeanFactory.java:122)
	at org.springframework.beans.factory.support.AbstractAutowireCapableBeanFactory.createBean(AbstractAutowireCapableBeanFactory.java:456)
	at org.springframework.beans.factory.support.AbstractBeanFactory$1.getObject(AbstractBeanFactory.java:294)
	at org.springframework.beans.factory.support.DefaultSingletonBeanRegistry.getSingleton(DefaultSingletonBeanRegistry.java:225)
	at org.springframework.beans.factory.support.AbstractBeanFactory.doGetBean(AbstractBeanFactory.java:291)
	at org.springframework.beans.factory.support.AbstractBeanFactory.getBean(AbstractBeanFactory.java:197)
	at org.springframework.context.support.AbstractApplicationContext.registerBeanPostProcessors(AbstractApplicationContext.java:713)
	at org.springframework.context.support.AbstractApplicationContext.refresh(AbstractApplicationContext.java:457)
	at org.codehaus.groovy.grails.commons.spring.DefaultRuntimeSpringConfiguration.getApplicationContext(DefaultRuntimeSpringConfiguration.java:153)
	at org.codehaus.groovy.grails.commons.spring.GrailsRuntimeConfigurator.configure(GrailsRuntimeConfigurator.java:170)
	at org.codehaus.groovy.grails.commons.spring.GrailsRuntimeConfigurator.configure(GrailsRuntimeConfigurator.java:127)
	at org.codehaus.groovy.grails.web.context.GrailsConfigUtils.configureWebApplicationContext(GrailsConfigUtils.java:121)
	at org.codehaus.groovy.grails.web.context.GrailsContextLoader.initWebApplicationContext(GrailsContextLoader.java:107)
	at org.springframework.web.context.ContextLoaderListener.contextInitialized(ContextLoaderListener.java:111)
	at org.apache.catalina.core.StandardContext.listenerStart(StandardContext.java:4939)
	at org.apache.catalina.core.StandardContext.startInternal(StandardContext.java:5434)
	at org.apache.catalina.util.LifecycleBase.start(LifecycleBase.java:150)
	at org.apache.catalina.core.ContainerBase$StartChild.call(ContainerBase.java:1559)
	at org.apache.catalina.core.ContainerBase$StartChild.call(ContainerBase.java:1549)
	at java.util.concurrent.FutureTask$Sync.innerRun(FutureTask.java:334)
	at java.util.concurrent.FutureTask.run(FutureTask.java:166)
	at java.util.concurrent.ThreadPoolExecutor.runWorker(ThreadPoolExecutor.java:1145)
	at java.util.concurrent.ThreadPoolExecutor$Worker.run(ThreadPoolExecutor.java:615)
	at java.lang.Thread.run(Thread.java:724)
Caused by: java.net.UnknownHostException: 154-78.priv23.nus.edu.sg: nodename nor servname provided, or not known
	at java.net.Inet6AddressImpl.lookupAllHostAddr(Native Method)
	at java.net.InetAddress$1.lookupAllHostAddr(InetAddress.java:894)
	at java.net.InetAddress.getAddressesFromNameService(InetAddress.java:1286)
	at java.net.InetAddress.getLocalHost(InetAddress.java:1462)
	... 64 more
2013-09-07 13:54:24,522 [localhost-startStop-1] ERROR StackTrace  - Full Stack Trace:
java.net.UnknownHostException: 154-78.priv23.nus.edu.sg: nodename nor servname provided, or not known
	at java.net.Inet6AddressImpl.lookupAllHostAddr(Native Method)
	at java.net.InetAddress$1.lookupAllHostAddr(InetAddress.java:894)
	at java.net.InetAddress.getAddressesFromNameService(InetAddress.java:1286)
	at java.net.InetAddress.getLocalHost(InetAddress.java:1462)
	at net.sf.ehcache.Cache.<clinit>(Cache.java:200)
	at net.sf.ehcache.config.ConfigurationHelper.createCache(ConfigurationHelper.java:302)
	at net.sf.ehcache.config.ConfigurationHelper.createDefaultCache(ConfigurationHelper.java:218)
	at net.sf.ehcache.CacheManager.configure(CacheManager.java:618)
	at net.sf.ehcache.CacheManager.init(CacheManager.java:361)
	at net.sf.ehcache.CacheManager.<init>(CacheManager.java:230)
	at net.sf.ehcache.hibernate.EhCacheRegionFactory.start(EhCacheRegionFactory.java:70)
	at org.hibernate.impl.SessionFactoryImpl.<init>(SessionFactoryImpl.java:238)
	at org.hibernate.cfg.Configuration.buildSessionFactory(Configuration.java:1872)
	at org.codehaus.groovy.grails.orm.hibernate.cfg.GrailsAnnotationConfiguration.buildSessionFactory(GrailsAnnotationConfiguration.java:133)
	at org.springframework.orm.hibernate3.LocalSessionFactoryBean.newSessionFactory(LocalSessionFactoryBean.java:860)
	at org.codehaus.groovy.grails.orm.hibernate.ConfigurableLocalSessionFactoryBean.newSessionFactory(ConfigurableLocalSessionFactoryBean.java:186)
	at org.springframework.orm.hibernate3.LocalSessionFactoryBean.buildSessionFactory(LocalSessionFactoryBean.java:779)
	at org.springframework.orm.hibernate3.AbstractSessionFactoryBean.afterPropertiesSet(AbstractSessionFactoryBean.java:188)
	at org.codehaus.groovy.grails.orm.hibernate.ConfigurableLocalSessionFactoryBean.afterPropertiesSet(ConfigurableLocalSessionFactoryBean.java:176)
	at org.springframework.beans.factory.support.AbstractAutowireCapableBeanFactory.invokeInitMethods(AbstractAutowireCapableBeanFactory.java:1514)
	at org.springframework.beans.factory.support.AbstractAutowireCapableBeanFactory.initializeBean(AbstractAutowireCapableBeanFactory.java:1452)
	at org.springframework.beans.factory.support.AbstractAutowireCapableBeanFactory.doCreateBean(AbstractAutowireCapableBeanFactory.java:519)
	at org.codehaus.groovy.grails.commons.spring.ReloadAwareAutowireCapableBeanFactory.doCreateBean(ReloadAwareAutowireCapableBeanFactory.java:122)
	at org.springframework.beans.factory.support.AbstractAutowireCapableBeanFactory.createBean(AbstractAutowireCapableBeanFactory.java:456)
	at org.springframework.beans.factory.support.AbstractBeanFactory$1.getObject(AbstractBeanFactory.java:294)
	at org.springframework.beans.factory.support.DefaultSingletonBeanRegistry.getSingleton(DefaultSingletonBeanRegistry.java:225)
	at org.springframework.beans.factory.support.AbstractBeanFactory.doGetBean(AbstractBeanFactory.java:291)
	at org.springframework.beans.factory.support.AbstractBeanFactory.getBean(AbstractBeanFactory.java:193)
	at org.springframework.beans.factory.support.BeanDefinitionValueResolver.resolveReference(BeanDefinitionValueResolver.java:323)
	at org.springframework.beans.factory.support.BeanDefinitionValueResolver.resolveValueIfNecessary(BeanDefinitionValueResolver.java:107)
	at org.springframework.beans.factory.support.AbstractAutowireCapableBeanFactory.applyPropertyValues(AbstractAutowireCapableBeanFactory.java:1360)
	at org.springframework.beans.factory.support.AbstractAutowireCapableBeanFactory.populateBean(AbstractAutowireCapableBeanFactory.java:1118)
	at org.springframework.beans.factory.support.AbstractAutowireCapableBeanFactory.doCreateBean(AbstractAutowireCapableBeanFactory.java:517)
	at org.codehaus.groovy.grails.commons.spring.ReloadAwareAutowireCapableBeanFactory.doCreateBean(ReloadAwareAutowireCapableBeanFactory.java:122)
	at org.springframework.beans.factory.support.AbstractAutowireCapableBeanFactory.createBean(AbstractAutowireCapableBeanFactory.java:456)
	at org.springframework.beans.factory.support.AbstractBeanFactory$1.getObject(AbstractBeanFactory.java:294)
	at org.springframework.beans.factory.support.DefaultSingletonBeanRegistry.getSingleton(DefaultSingletonBeanRegistry.java:225)
	at org.springframework.beans.factory.support.AbstractBeanFactory.doGetBean(AbstractBeanFactory.java:291)
	at org.springframework.beans.factory.support.AbstractBeanFactory.getBean(AbstractBeanFactory.java:197)
	at org.codehaus.groovy.grails.orm.support.TransactionManagerPostProcessor.initialize(TransactionManagerPostProcessor.java:74)
	at org.codehaus.groovy.grails.orm.support.TransactionManagerPostProcessor.setBeanFactory(TransactionManagerPostProcessor.java:52)
	at org.springframework.beans.factory.support.AbstractAutowireCapableBeanFactory.invokeAwareMethods(AbstractAutowireCapableBeanFactory.java:1475)
	at org.springframework.beans.factory.support.AbstractAutowireCapableBeanFactory.initializeBean(AbstractAutowireCapableBeanFactory.java:1443)
	at org.springframework.beans.factory.support.AbstractAutowireCapableBeanFactory.doCreateBean(AbstractAutowireCapableBeanFactory.java:519)
	at org.codehaus.groovy.grails.commons.spring.ReloadAwareAutowireCapableBeanFactory.doCreateBean(ReloadAwareAutowireCapableBeanFactory.java:122)
	at org.springframework.beans.factory.support.AbstractAutowireCapableBeanFactory.createBean(AbstractAutowireCapableBeanFactory.java:456)
	at org.springframework.beans.factory.support.AbstractBeanFactory$1.getObject(AbstractBeanFactory.java:294)
	at org.springframework.beans.factory.support.DefaultSingletonBeanRegistry.getSingleton(DefaultSingletonBeanRegistry.java:225)
	at org.springframework.beans.factory.support.AbstractBeanFactory.doGetBean(AbstractBeanFactory.java:291)
	at org.springframework.beans.factory.support.AbstractBeanFactory.getBean(AbstractBeanFactory.java:197)
	at org.springframework.context.support.AbstractApplicationContext.registerBeanPostProcessors(AbstractApplicationContext.java:713)
	at org.springframework.context.support.AbstractApplicationContext.refresh(AbstractApplicationContext.java:457)
	at org.codehaus.groovy.grails.commons.spring.DefaultRuntimeSpringConfiguration.getApplicationContext(DefaultRuntimeSpringConfiguration.java:153)
	at org.codehaus.groovy.grails.commons.spring.GrailsRuntimeConfigurator.configure(GrailsRuntimeConfigurator.java:170)
	at org.codehaus.groovy.grails.commons.spring.GrailsRuntimeConfigurator.configure(GrailsRuntimeConfigurator.java:127)
	at org.codehaus.groovy.grails.web.context.GrailsConfigUtils.configureWebApplicationContext(GrailsConfigUtils.java:121)
	at org.codehaus.groovy.grails.web.context.GrailsContextLoader.initWebApplicationContext(GrailsContextLoader.java:107)
	at org.springframework.web.context.ContextLoaderListener.contextInitialized(ContextLoaderListener.java:111)
	at org.apache.catalina.core.StandardContext.listenerStart(StandardContext.java:4939)
	at org.apache.catalina.core.StandardContext.startInternal(StandardContext.java:5434)
	at org.apache.catalina.util.LifecycleBase.start(LifecycleBase.java:150)
	at org.apache.catalina.core.ContainerBase$StartChild.call(ContainerBase.java:1559)
	at org.apache.catalina.core.ContainerBase$StartChild.call(ContainerBase.java:1549)
	at java.util.concurrent.FutureTask$Sync.innerRun(FutureTask.java:334)
	at java.util.concurrent.FutureTask.run(FutureTask.java:166)
	at java.util.concurrent.ThreadPoolExecutor.runWorker(ThreadPoolExecutor.java:1145)
	at java.util.concurrent.ThreadPoolExecutor$Worker.run(ThreadPoolExecutor.java:615)
	at java.lang.Thread.run(Thread.java:724)
2013-09-07 13:54:24,523 [localhost-startStop-1] ERROR StackTrace  - Full Stack Trace:
java.net.UnknownHostException: 154-78.priv23.nus.edu.sg: 154-78.priv23.nus.edu.sg: nodename nor servname provided, or not known
	at java.net.InetAddress.getLocalHost(InetAddress.java:1466)
	at net.sf.ehcache.Cache.<clinit>(Cache.java:200)
	at net.sf.ehcache.config.ConfigurationHelper.createCache(ConfigurationHelper.java:302)
	at net.sf.ehcache.config.ConfigurationHelper.createDefaultCache(ConfigurationHelper.java:218)
	at net.sf.ehcache.CacheManager.configure(CacheManager.java:618)
	at net.sf.ehcache.CacheManager.init(CacheManager.java:361)
	at net.sf.ehcache.CacheManager.<init>(CacheManager.java:230)
	at net.sf.ehcache.hibernate.EhCacheRegionFactory.start(EhCacheRegionFactory.java:70)
	at java.util.concurrent.FutureTask$Sync.innerRun(FutureTask.java:334)
	at java.util.concurrent.FutureTask.run(FutureTask.java:166)
	at java.util.concurrent.ThreadPoolExecutor.runWorker(ThreadPoolExecutor.java:1145)
	at java.util.concurrent.ThreadPoolExecutor$Worker.run(ThreadPoolExecutor.java:615)
	at java.lang.Thread.run(Thread.java:724)
Caused by: java.net.UnknownHostException: 154-78.priv23.nus.edu.sg: nodename nor servname provided, or not known
	at java.net.InetAddress$1.lookupAllHostAddr(InetAddress.java:894)
	at java.net.InetAddress.getAddressesFromNameService(InetAddress.java:1286)
	at java.net.InetAddress.getLocalHost(InetAddress.java:1462)
	... 12 more
2013-09-07 13:54:24,526 [localhost-startStop-1] ERROR StackTrace  - Full Stack Trace:
java.net.UnknownHostException: 154-78.priv23.nus.edu.sg: 154-78.priv23.nus.edu.sg: nodename nor servname provided, or not known
	at java.net.InetAddress.getLocalHost(InetAddress.java:1466)
	at net.sf.ehcache.Cache.<clinit>(Cache.java:200)
	at net.sf.ehcache.config.ConfigurationHelper.createCache(ConfigurationHelper.java:302)
	at net.sf.ehcache.config.ConfigurationHelper.createDefaultCache(ConfigurationHelper.java:218)
	at net.sf.ehcache.CacheManager.configure(CacheManager.java:618)
	at net.sf.ehcache.CacheManager.init(CacheManager.java:361)
	at net.sf.ehcache.CacheManager.<init>(CacheManager.java:230)
	at net.sf.ehcache.hibernate.EhCacheRegionFactory.start(EhCacheRegionFactory.java:70)
	at java.util.concurrent.FutureTask$Sync.innerRun(FutureTask.java:334)
	at java.util.concurrent.FutureTask.run(FutureTask.java:166)
	at java.util.concurrent.ThreadPoolExecutor.runWorker(ThreadPoolExecutor.java:1145)
	at java.util.concurrent.ThreadPoolExecutor$Worker.run(ThreadPoolExecutor.java:615)
	at java.lang.Thread.run(Thread.java:724)
Caused by: java.net.UnknownHostException: 154-78.priv23.nus.edu.sg: nodename nor servname provided, or not known
	at java.net.InetAddress$1.lookupAllHostAddr(InetAddress.java:894)
	at java.net.InetAddress.getAddressesFromNameService(InetAddress.java:1286)
	at java.net.InetAddress.getLocalHost(InetAddress.java:1462)
	... 12 more
2013-09-07 13:54:24,527 [localhost-startStop-1] ERROR StackTrace  - Full Stack Trace:
java.net.UnknownHostException: 154-78.priv23.nus.edu.sg: nodename nor servname provided, or not known
	at java.net.InetAddress$1.lookupAllHostAddr(InetAddress.java:894)
	at java.net.InetAddress.getAddressesFromNameService(InetAddress.java:1286)
	at java.net.InetAddress.getLocalHost(InetAddress.java:1462)
	at net.sf.ehcache.Cache.<clinit>(Cache.java:200)
	at net.sf.ehcache.config.ConfigurationHelper.createCache(ConfigurationHelper.java:302)
	at net.sf.ehcache.config.ConfigurationHelper.createDefaultCache(ConfigurationHelper.java:218)
	at net.sf.ehcache.CacheManager.configure(CacheManager.java:618)
	at net.sf.ehcache.CacheManager.init(CacheManager.java:361)
	at net.sf.ehcache.CacheManager.<init>(CacheManager.java:230)
	at net.sf.ehcache.hibernate.EhCacheRegionFactory.start(EhCacheRegionFactory.java:70)
	at java.util.concurrent.FutureTask$Sync.innerRun(FutureTask.java:334)
	at java.util.concurrent.FutureTask.run(FutureTask.java:166)
	at java.util.concurrent.ThreadPoolExecutor.runWorker(ThreadPoolExecutor.java:1145)
	at java.util.concurrent.ThreadPoolExecutor$Worker.run(ThreadPoolExecutor.java:615)
	at java.lang.Thread.run(Thread.java:724)
2013-09-07 13:54:24,527 [localhost-startStop-1] ERROR StackTrace  - Full Stack Trace:
java.net.UnknownHostException: 154-78.priv23.nus.edu.sg: 154-78.priv23.nus.edu.sg: nodename nor servname provided, or not known
	at java.net.InetAddress.getLocalHost(InetAddress.java:1466)
	at net.sf.ehcache.Cache.<clinit>(Cache.java:200)
	at net.sf.ehcache.config.ConfigurationHelper.createCache(ConfigurationHelper.java:302)
	at net.sf.ehcache.config.ConfigurationHelper.createDefaultCache(ConfigurationHelper.java:218)
	at net.sf.ehcache.CacheManager.configure(CacheManager.java:618)
	at net.sf.ehcache.CacheManager.init(CacheManager.java:361)
	at net.sf.ehcache.CacheManager.<init>(CacheManager.java:230)
	at net.sf.ehcache.hibernate.EhCacheRegionFactory.start(EhCacheRegionFactory.java:70)
	at java.util.concurrent.FutureTask$Sync.innerRun(FutureTask.java:334)
	at java.util.concurrent.FutureTask.run(FutureTask.java:166)
	at java.util.concurrent.ThreadPoolExecutor.runWorker(ThreadPoolExecutor.java:1145)
	at java.util.concurrent.ThreadPoolExecutor$Worker.run(ThreadPoolExecutor.java:615)
	at java.lang.Thread.run(Thread.java:724)
Caused by: java.net.UnknownHostException: 154-78.priv23.nus.edu.sg: nodename nor servname provided, or not known
	at java.net.InetAddress$1.lookupAllHostAddr(InetAddress.java:894)
	at java.net.InetAddress.getAddressesFromNameService(InetAddress.java:1286)
	at java.net.InetAddress.getLocalHost(InetAddress.java:1462)
	... 12 more
2013-09-07 13:54:47,489 [localhost-startStop-1] ERROR StackTrace  - Full Stack Trace:
org.h2.message.DbException: IO Exception: "java.net.UnknownHostException: 154-78.priv23.nus.edu.sg: 154-78.priv23.nus.edu.sg: nodename nor servname provided, or not known" [90028-164]
	at org.h2.message.DbException.get(DbException.java:158)
	at org.h2.message.DbException.convert(DbException.java:273)
	at org.h2.util.NetUtils.getLocalAddress(NetUtils.java:263)
	at org.h2.server.web.WebServer.updateURL(WebServer.java:324)
	at org.h2.server.web.WebServer.init(WebServer.java:314)
	at org.h2.server.web.WebServlet.init(WebServlet.java:51)
	at javax.servlet.GenericServlet.init(GenericServlet.java:160)
	at org.apache.catalina.core.StandardWrapper.initServlet(StandardWrapper.java:1280)
	at org.apache.catalina.core.StandardWrapper.loadServlet(StandardWrapper.java:1193)
	at org.apache.catalina.core.StandardWrapper.load(StandardWrapper.java:1088)
	at org.apache.catalina.core.StandardContext.loadOnStartup(StandardContext.java:5176)
	at org.apache.catalina.core.StandardContext.startInternal(StandardContext.java:5460)
	at org.apache.catalina.util.LifecycleBase.start(LifecycleBase.java:150)
	at org.apache.catalina.core.ContainerBase$StartChild.call(ContainerBase.java:1559)
	at org.apache.catalina.core.ContainerBase$StartChild.call(ContainerBase.java:1549)
	at java.util.concurrent.FutureTask$Sync.innerRun(FutureTask.java:334)
	at java.util.concurrent.FutureTask.run(FutureTask.java:166)
	at java.util.concurrent.ThreadPoolExecutor.runWorker(ThreadPoolExecutor.java:1145)
	at java.util.concurrent.ThreadPoolExecutor$Worker.run(ThreadPoolExecutor.java:615)
	at java.lang.Thread.run(Thread.java:724)
Caused by: org.h2.jdbc.JdbcSQLException: IO Exception: "java.net.UnknownHostException: 154-78.priv23.nus.edu.sg: 154-78.priv23.nus.edu.sg: nodename nor servname provided, or not known" [90028-164]
	at org.h2.message.DbException.getJdbcSQLException(DbException.java:329)
	... 20 more
Caused by: java.net.UnknownHostException: 154-78.priv23.nus.edu.sg: 154-78.priv23.nus.edu.sg: nodename nor servname provided, or not known
	at java.net.InetAddress.getLocalHost(InetAddress.java:1466)
	at org.h2.util.NetUtils.getLocalAddress(NetUtils.java:261)
	... 17 more
Caused by: java.net.UnknownHostException: 154-78.priv23.nus.edu.sg: nodename nor servname provided, or not known
	at java.net.Inet6AddressImpl.lookupAllHostAddr(Native Method)
	at java.net.InetAddress$1.lookupAllHostAddr(InetAddress.java:894)
	at java.net.InetAddress.getAddressesFromNameService(InetAddress.java:1286)
	at java.net.InetAddress.getLocalHost(InetAddress.java:1462)
	... 18 more
2013-09-07 13:54:47,490 [localhost-startStop-1] ERROR StackTrace  - Full Stack Trace:
org.h2.jdbc.JdbcSQLException: IO Exception: "java.net.UnknownHostException: 154-78.priv23.nus.edu.sg: 154-78.priv23.nus.edu.sg: nodename nor servname provided, or not known" [90028-164]
	at org.h2.message.DbException.getJdbcSQLException(DbException.java:329)
	at org.h2.message.DbException.get(DbException.java:158)
	at org.h2.message.DbException.convert(DbException.java:273)
	at org.h2.util.NetUtils.getLocalAddress(NetUtils.java:263)
	at org.h2.server.web.WebServer.updateURL(WebServer.java:324)
	at org.h2.server.web.WebServer.init(WebServer.java:314)
	at org.h2.server.web.WebServlet.init(WebServlet.java:51)
	at javax.servlet.GenericServlet.init(GenericServlet.java:160)
	at org.apache.catalina.core.StandardWrapper.initServlet(StandardWrapper.java:1280)
	at org.apache.catalina.core.StandardWrapper.loadServlet(StandardWrapper.java:1193)
	at org.apache.catalina.core.StandardWrapper.load(StandardWrapper.java:1088)
	at org.apache.catalina.core.StandardContext.loadOnStartup(StandardContext.java:5176)
	at org.apache.catalina.core.StandardContext.startInternal(StandardContext.java:5460)
	at org.apache.catalina.util.LifecycleBase.start(LifecycleBase.java:150)
	at org.apache.catalina.core.ContainerBase$StartChild.call(ContainerBase.java:1559)
	at org.apache.catalina.core.ContainerBase$StartChild.call(ContainerBase.java:1549)
	at java.util.concurrent.FutureTask$Sync.innerRun(FutureTask.java:334)
	at java.util.concurrent.FutureTask.run(FutureTask.java:166)
	at java.util.concurrent.ThreadPoolExecutor.runWorker(ThreadPoolExecutor.java:1145)
	at java.util.concurrent.ThreadPoolExecutor$Worker.run(ThreadPoolExecutor.java:615)
	at java.lang.Thread.run(Thread.java:724)
Caused by: java.net.UnknownHostException: 154-78.priv23.nus.edu.sg: 154-78.priv23.nus.edu.sg: nodename nor servname provided, or not known
	at java.net.InetAddress.getLocalHost(InetAddress.java:1466)
	at org.h2.util.NetUtils.getLocalAddress(NetUtils.java:261)
	... 17 more
Caused by: java.net.UnknownHostException: 154-78.priv23.nus.edu.sg: nodename nor servname provided, or not known
	at java.net.Inet6AddressImpl.lookupAllHostAddr(Native Method)
	at java.net.InetAddress$1.lookupAllHostAddr(InetAddress.java:894)
	at java.net.InetAddress.getAddressesFromNameService(InetAddress.java:1286)
	at java.net.InetAddress.getLocalHost(InetAddress.java:1462)
	... 18 more
2013-09-07 13:54:47,491 [localhost-startStop-1] ERROR StackTrace  - Full Stack Trace:
java.net.UnknownHostException: 154-78.priv23.nus.edu.sg: 154-78.priv23.nus.edu.sg: nodename nor servname provided, or not known
	at java.net.InetAddress.getLocalHost(InetAddress.java:1466)
	at org.h2.util.NetUtils.getLocalAddress(NetUtils.java:261)
	at org.h2.server.web.WebServer.updateURL(WebServer.java:324)
	at org.h2.server.web.WebServer.init(WebServer.java:314)
	at org.h2.server.web.WebServlet.init(WebServlet.java:51)
	at javax.servlet.GenericServlet.init(GenericServlet.java:160)
	at org.apache.catalina.core.StandardWrapper.initServlet(StandardWrapper.java:1280)
	at org.apache.catalina.core.StandardWrapper.loadServlet(StandardWrapper.java:1193)
	at org.apache.catalina.core.StandardWrapper.load(StandardWrapper.java:1088)
	at org.apache.catalina.core.StandardContext.loadOnStartup(StandardContext.java:5176)
	at org.apache.catalina.core.StandardContext.startInternal(StandardContext.java:5460)
	at org.apache.catalina.util.LifecycleBase.start(LifecycleBase.java:150)
	at org.apache.catalina.core.ContainerBase$StartChild.call(ContainerBase.java:1559)
	at org.apache.catalina.core.ContainerBase$StartChild.call(ContainerBase.java:1549)
	at java.util.concurrent.FutureTask$Sync.innerRun(FutureTask.java:334)
	at java.util.concurrent.FutureTask.run(FutureTask.java:166)
	at java.util.concurrent.ThreadPoolExecutor.runWorker(ThreadPoolExecutor.java:1145)
	at java.util.concurrent.ThreadPoolExecutor$Worker.run(ThreadPoolExecutor.java:615)
	at java.lang.Thread.run(Thread.java:724)
Caused by: java.net.UnknownHostException: 154-78.priv23.nus.edu.sg: nodename nor servname provided, or not known
	at java.net.Inet6AddressImpl.lookupAllHostAddr(Native Method)
	at java.net.InetAddress$1.lookupAllHostAddr(InetAddress.java:894)
	at java.net.InetAddress.getAddressesFromNameService(InetAddress.java:1286)
	at java.net.InetAddress.getLocalHost(InetAddress.java:1462)
	... 18 more
2013-09-07 13:54:47,491 [localhost-startStop-1] ERROR StackTrace  - Full Stack Trace:
java.net.UnknownHostException: 154-78.priv23.nus.edu.sg: nodename nor servname provided, or not known
	at java.net.Inet6AddressImpl.lookupAllHostAddr(Native Method)
	at java.net.InetAddress$1.lookupAllHostAddr(InetAddress.java:894)
	at java.net.InetAddress.getAddressesFromNameService(InetAddress.java:1286)
	at java.net.InetAddress.getLocalHost(InetAddress.java:1462)
	at org.h2.util.NetUtils.getLocalAddress(NetUtils.java:261)
	at org.h2.server.web.WebServer.updateURL(WebServer.java:324)
	at org.h2.server.web.WebServer.init(WebServer.java:314)
	at org.h2.server.web.WebServlet.init(WebServlet.java:51)
	at javax.servlet.GenericServlet.init(GenericServlet.java:160)
	at org.apache.catalina.core.StandardWrapper.initServlet(StandardWrapper.java:1280)
	at org.apache.catalina.core.StandardWrapper.loadServlet(StandardWrapper.java:1193)
	at org.apache.catalina.core.StandardWrapper.load(StandardWrapper.java:1088)
	at org.apache.catalina.core.StandardContext.loadOnStartup(StandardContext.java:5176)
	at org.apache.catalina.core.StandardContext.startInternal(StandardContext.java:5460)
	at org.apache.catalina.util.LifecycleBase.start(LifecycleBase.java:150)
	at org.apache.catalina.core.ContainerBase$StartChild.call(ContainerBase.java:1559)
	at org.apache.catalina.core.ContainerBase$StartChild.call(ContainerBase.java:1549)
	at java.util.concurrent.FutureTask$Sync.innerRun(FutureTask.java:334)
	at java.util.concurrent.FutureTask.run(FutureTask.java:166)
	at java.util.concurrent.ThreadPoolExecutor.runWorker(ThreadPoolExecutor.java:1145)
	at java.util.concurrent.ThreadPoolExecutor$Worker.run(ThreadPoolExecutor.java:615)
	at java.lang.Thread.run(Thread.java:724)
2013-09-07 13:54:47,491 [localhost-startStop-1] ERROR StackTrace  - Full Stack Trace:
org.h2.message.DbException: IO Exception: "java.net.UnknownHostException: 154-78.priv23.nus.edu.sg: 154-78.priv23.nus.edu.sg: nodename nor servname provided, or not known" [90028-164]
	at org.h2.message.DbException.get(DbException.java:158)
	at org.h2.message.DbException.convert(DbException.java:273)
	at org.h2.util.NetUtils.getLocalAddress(NetUtils.java:263)
	at org.h2.server.web.WebServer.updateURL(WebServer.java:324)
	at org.h2.server.web.WebServer.init(WebServer.java:314)
	at org.h2.server.web.WebServlet.init(WebServlet.java:51)
	at java.util.concurrent.FutureTask$Sync.innerRun(FutureTask.java:334)
	at java.util.concurrent.FutureTask.run(FutureTask.java:166)
	at java.util.concurrent.ThreadPoolExecutor.runWorker(ThreadPoolExecutor.java:1145)
	at java.util.concurrent.ThreadPoolExecutor$Worker.run(ThreadPoolExecutor.java:615)
	at java.lang.Thread.run(Thread.java:724)
Caused by: org.h2.jdbc.JdbcSQLException: IO Exception: "java.net.UnknownHostException: 154-78.priv23.nus.edu.sg: 154-78.priv23.nus.edu.sg: nodename nor servname provided, or not known" [90028-164]
	at org.h2.message.DbException.getJdbcSQLException(DbException.java:329)
	... 11 more
Caused by: java.net.UnknownHostException: 154-78.priv23.nus.edu.sg: 154-78.priv23.nus.edu.sg: nodename nor servname provided, or not known
	at java.net.InetAddress.getLocalHost(InetAddress.java:1466)
	at org.h2.util.NetUtils.getLocalAddress(NetUtils.java:261)
	... 8 more
Caused by: java.net.UnknownHostException: 154-78.priv23.nus.edu.sg: nodename nor servname provided, or not known
	at java.net.InetAddress$1.lookupAllHostAddr(InetAddress.java:894)
	at java.net.InetAddress.getAddressesFromNameService(InetAddress.java:1286)
	at java.net.InetAddress.getLocalHost(InetAddress.java:1462)
	... 9 more
2013-09-07 13:54:47,524 [localhost-startStop-1] ERROR StackTrace  - Full Stack Trace:
java.net.UnknownHostException: 154-78.priv23.nus.edu.sg: nodename nor servname provided, or not known
	at java.net.InetAddress$1.lookupAllHostAddr(InetAddress.java:894)
	at java.net.InetAddress.getAddressesFromNameService(InetAddress.java:1286)
	at java.net.InetAddress.getLocalHost(InetAddress.java:1462)
	at org.h2.util.NetUtils.getLocalAddress(NetUtils.java:261)
	at org.h2.server.web.WebServer.updateURL(WebServer.java:324)
	at org.h2.server.web.WebServer.init(WebServer.java:314)
	at org.h2.server.web.WebServlet.init(WebServlet.java:51)
	at java.util.concurrent.FutureTask$Sync.innerRun(FutureTask.java:334)
	at java.util.concurrent.FutureTask.run(FutureTask.java:166)
	at java.util.concurrent.ThreadPoolExecutor.runWorker(ThreadPoolExecutor.java:1145)
	at java.util.concurrent.ThreadPoolExecutor$Worker.run(ThreadPoolExecutor.java:615)
	at java.lang.Thread.run(Thread.java:724)
2013-09-07 13:54:47,525 [localhost-startStop-1] ERROR StackTrace  - Full Stack Trace:
java.net.UnknownHostException: 154-78.priv23.nus.edu.sg: nodename nor servname provided, or not known
	at java.net.InetAddress$1.lookupAllHostAddr(InetAddress.java:894)
	at java.net.InetAddress.getAddressesFromNameService(InetAddress.java:1286)
	at java.net.InetAddress.getLocalHost(InetAddress.java:1462)
	at org.h2.util.NetUtils.getLocalAddress(NetUtils.java:261)
	at org.h2.server.web.WebServer.updateURL(WebServer.java:324)
	at org.h2.server.web.WebServer.init(WebServer.java:314)
	at org.h2.server.web.WebServlet.init(WebServlet.java:51)
	at java.util.concurrent.FutureTask$Sync.innerRun(FutureTask.java:334)
	at java.util.concurrent.FutureTask.run(FutureTask.java:166)
	at java.util.concurrent.ThreadPoolExecutor.runWorker(ThreadPoolExecutor.java:1145)
	at java.util.concurrent.ThreadPoolExecutor$Worker.run(ThreadPoolExecutor.java:615)
	at java.lang.Thread.run(Thread.java:724)
2013-09-07 14:39:05,352 [localhost-startStop-1] ERROR StackTrace  - Full Stack Trace:
java.net.UnknownHostException: 154-78.priv23.nus.edu.sg: 154-78.priv23.nus.edu.sg: nodename nor servname provided, or not known
	at java.net.InetAddress.getLocalHost(InetAddress.java:1466)
	at net.sf.ehcache.Cache.<clinit>(Cache.java:200)
	at net.sf.ehcache.config.ConfigurationHelper.createCache(ConfigurationHelper.java:302)
	at net.sf.ehcache.config.ConfigurationHelper.createDefaultCache(ConfigurationHelper.java:218)
	at net.sf.ehcache.CacheManager.configure(CacheManager.java:618)
	at net.sf.ehcache.CacheManager.init(CacheManager.java:361)
	at net.sf.ehcache.CacheManager.<init>(CacheManager.java:230)
	at net.sf.ehcache.hibernate.EhCacheRegionFactory.start(EhCacheRegionFactory.java:70)
	at org.hibernate.impl.SessionFactoryImpl.<init>(SessionFactoryImpl.java:238)
	at org.hibernate.cfg.Configuration.buildSessionFactory(Configuration.java:1872)
	at org.codehaus.groovy.grails.orm.hibernate.cfg.GrailsAnnotationConfiguration.buildSessionFactory(GrailsAnnotationConfiguration.java:133)
	at org.springframework.orm.hibernate3.LocalSessionFactoryBean.newSessionFactory(LocalSessionFactoryBean.java:860)
	at org.codehaus.groovy.grails.orm.hibernate.ConfigurableLocalSessionFactoryBean.newSessionFactory(ConfigurableLocalSessionFactoryBean.java:186)
	at org.springframework.orm.hibernate3.LocalSessionFactoryBean.buildSessionFactory(LocalSessionFactoryBean.java:779)
	at org.springframework.orm.hibernate3.AbstractSessionFactoryBean.afterPropertiesSet(AbstractSessionFactoryBean.java:188)
	at org.codehaus.groovy.grails.orm.hibernate.ConfigurableLocalSessionFactoryBean.afterPropertiesSet(ConfigurableLocalSessionFactoryBean.java:176)
	at org.springframework.beans.factory.support.AbstractAutowireCapableBeanFactory.invokeInitMethods(AbstractAutowireCapableBeanFactory.java:1514)
	at org.springframework.beans.factory.support.AbstractAutowireCapableBeanFactory.initializeBean(AbstractAutowireCapableBeanFactory.java:1452)
	at org.springframework.beans.factory.support.AbstractAutowireCapableBeanFactory.doCreateBean(AbstractAutowireCapableBeanFactory.java:519)
	at org.codehaus.groovy.grails.commons.spring.ReloadAwareAutowireCapableBeanFactory.doCreateBean(ReloadAwareAutowireCapableBeanFactory.java:122)
	at org.springframework.beans.factory.support.AbstractAutowireCapableBeanFactory.createBean(AbstractAutowireCapableBeanFactory.java:456)
	at org.springframework.beans.factory.support.AbstractBeanFactory$1.getObject(AbstractBeanFactory.java:294)
	at org.springframework.beans.factory.support.DefaultSingletonBeanRegistry.getSingleton(DefaultSingletonBeanRegistry.java:225)
	at org.springframework.beans.factory.support.AbstractBeanFactory.doGetBean(AbstractBeanFactory.java:291)
	at org.springframework.beans.factory.support.AbstractBeanFactory.getBean(AbstractBeanFactory.java:193)
	at org.springframework.beans.factory.support.BeanDefinitionValueResolver.resolveReference(BeanDefinitionValueResolver.java:323)
	at org.springframework.beans.factory.support.BeanDefinitionValueResolver.resolveValueIfNecessary(BeanDefinitionValueResolver.java:107)
	at org.springframework.beans.factory.support.AbstractAutowireCapableBeanFactory.applyPropertyValues(AbstractAutowireCapableBeanFactory.java:1360)
	at org.springframework.beans.factory.support.AbstractAutowireCapableBeanFactory.populateBean(AbstractAutowireCapableBeanFactory.java:1118)
	at org.springframework.beans.factory.support.AbstractAutowireCapableBeanFactory.doCreateBean(AbstractAutowireCapableBeanFactory.java:517)
	at org.codehaus.groovy.grails.commons.spring.ReloadAwareAutowireCapableBeanFactory.doCreateBean(ReloadAwareAutowireCapableBeanFactory.java:122)
	at org.springframework.beans.factory.support.AbstractAutowireCapableBeanFactory.createBean(AbstractAutowireCapableBeanFactory.java:456)
	at org.springframework.beans.factory.support.AbstractBeanFactory$1.getObject(AbstractBeanFactory.java:294)
	at org.springframework.beans.factory.support.DefaultSingletonBeanRegistry.getSingleton(DefaultSingletonBeanRegistry.java:225)
	at org.springframework.beans.factory.support.AbstractBeanFactory.doGetBean(AbstractBeanFactory.java:291)
	at org.springframework.beans.factory.support.AbstractBeanFactory.getBean(AbstractBeanFactory.java:197)
	at org.codehaus.groovy.grails.orm.support.TransactionManagerPostProcessor.initialize(TransactionManagerPostProcessor.java:74)
	at org.codehaus.groovy.grails.orm.support.TransactionManagerPostProcessor.setBeanFactory(TransactionManagerPostProcessor.java:52)
	at org.springframework.beans.factory.support.AbstractAutowireCapableBeanFactory.invokeAwareMethods(AbstractAutowireCapableBeanFactory.java:1475)
	at org.springframework.beans.factory.support.AbstractAutowireCapableBeanFactory.initializeBean(AbstractAutowireCapableBeanFactory.java:1443)
	at org.springframework.beans.factory.support.AbstractAutowireCapableBeanFactory.doCreateBean(AbstractAutowireCapableBeanFactory.java:519)
	at org.codehaus.groovy.grails.commons.spring.ReloadAwareAutowireCapableBeanFactory.doCreateBean(ReloadAwareAutowireCapableBeanFactory.java:122)
	at org.springframework.beans.factory.support.AbstractAutowireCapableBeanFactory.createBean(AbstractAutowireCapableBeanFactory.java:456)
	at org.springframework.beans.factory.support.AbstractBeanFactory$1.getObject(AbstractBeanFactory.java:294)
	at org.springframework.beans.factory.support.DefaultSingletonBeanRegistry.getSingleton(DefaultSingletonBeanRegistry.java:225)
	at org.springframework.beans.factory.support.AbstractBeanFactory.doGetBean(AbstractBeanFactory.java:291)
	at org.springframework.beans.factory.support.AbstractBeanFactory.getBean(AbstractBeanFactory.java:197)
	at org.springframework.context.support.AbstractApplicationContext.registerBeanPostProcessors(AbstractApplicationContext.java:713)
	at org.springframework.context.support.AbstractApplicationContext.refresh(AbstractApplicationContext.java:457)
	at org.codehaus.groovy.grails.commons.spring.DefaultRuntimeSpringConfiguration.getApplicationContext(DefaultRuntimeSpringConfiguration.java:153)
	at org.codehaus.groovy.grails.commons.spring.GrailsRuntimeConfigurator.configure(GrailsRuntimeConfigurator.java:170)
	at org.codehaus.groovy.grails.commons.spring.GrailsRuntimeConfigurator.configure(GrailsRuntimeConfigurator.java:127)
	at org.codehaus.groovy.grails.web.context.GrailsConfigUtils.configureWebApplicationContext(GrailsConfigUtils.java:121)
	at org.codehaus.groovy.grails.web.context.GrailsContextLoader.initWebApplicationContext(GrailsContextLoader.java:107)
	at org.springframework.web.context.ContextLoaderListener.contextInitialized(ContextLoaderListener.java:111)
	at org.apache.catalina.core.StandardContext.listenerStart(StandardContext.java:4939)
	at org.apache.catalina.core.StandardContext.startInternal(StandardContext.java:5434)
	at org.apache.catalina.util.LifecycleBase.start(LifecycleBase.java:150)
	at org.apache.catalina.core.ContainerBase$StartChild.call(ContainerBase.java:1559)
	at org.apache.catalina.core.ContainerBase$StartChild.call(ContainerBase.java:1549)
	at java.util.concurrent.FutureTask$Sync.innerRun(FutureTask.java:334)
	at java.util.concurrent.FutureTask.run(FutureTask.java:166)
	at java.util.concurrent.ThreadPoolExecutor.runWorker(ThreadPoolExecutor.java:1145)
	at java.util.concurrent.ThreadPoolExecutor$Worker.run(ThreadPoolExecutor.java:615)
	at java.lang.Thread.run(Thread.java:724)
Caused by: java.net.UnknownHostException: 154-78.priv23.nus.edu.sg: nodename nor servname provided, or not known
	at java.net.Inet6AddressImpl.lookupAllHostAddr(Native Method)
	at java.net.InetAddress$1.lookupAllHostAddr(InetAddress.java:894)
	at java.net.InetAddress.getAddressesFromNameService(InetAddress.java:1286)
	at java.net.InetAddress.getLocalHost(InetAddress.java:1462)
	... 64 more
2013-09-07 14:39:05,356 [localhost-startStop-1] ERROR StackTrace  - Full Stack Trace:
java.net.UnknownHostException: 154-78.priv23.nus.edu.sg: nodename nor servname provided, or not known
	at java.net.Inet6AddressImpl.lookupAllHostAddr(Native Method)
	at java.net.InetAddress$1.lookupAllHostAddr(InetAddress.java:894)
	at java.net.InetAddress.getAddressesFromNameService(InetAddress.java:1286)
	at java.net.InetAddress.getLocalHost(InetAddress.java:1462)
	at net.sf.ehcache.Cache.<clinit>(Cache.java:200)
	at net.sf.ehcache.config.ConfigurationHelper.createCache(ConfigurationHelper.java:302)
	at net.sf.ehcache.config.ConfigurationHelper.createDefaultCache(ConfigurationHelper.java:218)
	at net.sf.ehcache.CacheManager.configure(CacheManager.java:618)
	at net.sf.ehcache.CacheManager.init(CacheManager.java:361)
	at net.sf.ehcache.CacheManager.<init>(CacheManager.java:230)
	at net.sf.ehcache.hibernate.EhCacheRegionFactory.start(EhCacheRegionFactory.java:70)
	at org.hibernate.impl.SessionFactoryImpl.<init>(SessionFactoryImpl.java:238)
	at org.hibernate.cfg.Configuration.buildSessionFactory(Configuration.java:1872)
	at org.codehaus.groovy.grails.orm.hibernate.cfg.GrailsAnnotationConfiguration.buildSessionFactory(GrailsAnnotationConfiguration.java:133)
	at org.springframework.orm.hibernate3.LocalSessionFactoryBean.newSessionFactory(LocalSessionFactoryBean.java:860)
	at org.codehaus.groovy.grails.orm.hibernate.ConfigurableLocalSessionFactoryBean.newSessionFactory(ConfigurableLocalSessionFactoryBean.java:186)
	at org.springframework.orm.hibernate3.LocalSessionFactoryBean.buildSessionFactory(LocalSessionFactoryBean.java:779)
	at org.springframework.orm.hibernate3.AbstractSessionFactoryBean.afterPropertiesSet(AbstractSessionFactoryBean.java:188)
	at org.codehaus.groovy.grails.orm.hibernate.ConfigurableLocalSessionFactoryBean.afterPropertiesSet(ConfigurableLocalSessionFactoryBean.java:176)
	at org.springframework.beans.factory.support.AbstractAutowireCapableBeanFactory.invokeInitMethods(AbstractAutowireCapableBeanFactory.java:1514)
	at org.springframework.beans.factory.support.AbstractAutowireCapableBeanFactory.initializeBean(AbstractAutowireCapableBeanFactory.java:1452)
	at org.springframework.beans.factory.support.AbstractAutowireCapableBeanFactory.doCreateBean(AbstractAutowireCapableBeanFactory.java:519)
	at org.codehaus.groovy.grails.commons.spring.ReloadAwareAutowireCapableBeanFactory.doCreateBean(ReloadAwareAutowireCapableBeanFactory.java:122)
	at org.springframework.beans.factory.support.AbstractAutowireCapableBeanFactory.createBean(AbstractAutowireCapableBeanFactory.java:456)
	at org.springframework.beans.factory.support.AbstractBeanFactory$1.getObject(AbstractBeanFactory.java:294)
	at org.springframework.beans.factory.support.DefaultSingletonBeanRegistry.getSingleton(DefaultSingletonBeanRegistry.java:225)
	at org.springframework.beans.factory.support.AbstractBeanFactory.doGetBean(AbstractBeanFactory.java:291)
	at org.springframework.beans.factory.support.AbstractBeanFactory.getBean(AbstractBeanFactory.java:193)
	at org.springframework.beans.factory.support.BeanDefinitionValueResolver.resolveReference(BeanDefinitionValueResolver.java:323)
	at org.springframework.beans.factory.support.BeanDefinitionValueResolver.resolveValueIfNecessary(BeanDefinitionValueResolver.java:107)
	at org.springframework.beans.factory.support.AbstractAutowireCapableBeanFactory.applyPropertyValues(AbstractAutowireCapableBeanFactory.java:1360)
	at org.springframework.beans.factory.support.AbstractAutowireCapableBeanFactory.populateBean(AbstractAutowireCapableBeanFactory.java:1118)
	at org.springframework.beans.factory.support.AbstractAutowireCapableBeanFactory.doCreateBean(AbstractAutowireCapableBeanFactory.java:517)
	at org.codehaus.groovy.grails.commons.spring.ReloadAwareAutowireCapableBeanFactory.doCreateBean(ReloadAwareAutowireCapableBeanFactory.java:122)
	at org.springframework.beans.factory.support.AbstractAutowireCapableBeanFactory.createBean(AbstractAutowireCapableBeanFactory.java:456)
	at org.springframework.beans.factory.support.AbstractBeanFactory$1.getObject(AbstractBeanFactory.java:294)
	at org.springframework.beans.factory.support.DefaultSingletonBeanRegistry.getSingleton(DefaultSingletonBeanRegistry.java:225)
	at org.springframework.beans.factory.support.AbstractBeanFactory.doGetBean(AbstractBeanFactory.java:291)
	at org.springframework.beans.factory.support.AbstractBeanFactory.getBean(AbstractBeanFactory.java:197)
	at org.codehaus.groovy.grails.orm.support.TransactionManagerPostProcessor.initialize(TransactionManagerPostProcessor.java:74)
	at org.codehaus.groovy.grails.orm.support.TransactionManagerPostProcessor.setBeanFactory(TransactionManagerPostProcessor.java:52)
	at org.springframework.beans.factory.support.AbstractAutowireCapableBeanFactory.invokeAwareMethods(AbstractAutowireCapableBeanFactory.java:1475)
	at org.springframework.beans.factory.support.AbstractAutowireCapableBeanFactory.initializeBean(AbstractAutowireCapableBeanFactory.java:1443)
	at org.springframework.beans.factory.support.AbstractAutowireCapableBeanFactory.doCreateBean(AbstractAutowireCapableBeanFactory.java:519)
	at org.codehaus.groovy.grails.commons.spring.ReloadAwareAutowireCapableBeanFactory.doCreateBean(ReloadAwareAutowireCapableBeanFactory.java:122)
	at org.springframework.beans.factory.support.AbstractAutowireCapableBeanFactory.createBean(AbstractAutowireCapableBeanFactory.java:456)
	at org.springframework.beans.factory.support.AbstractBeanFactory$1.getObject(AbstractBeanFactory.java:294)
	at org.springframework.beans.factory.support.DefaultSingletonBeanRegistry.getSingleton(DefaultSingletonBeanRegistry.java:225)
	at org.springframework.beans.factory.support.AbstractBeanFactory.doGetBean(AbstractBeanFactory.java:291)
	at org.springframework.beans.factory.support.AbstractBeanFactory.getBean(AbstractBeanFactory.java:197)
	at org.springframework.context.support.AbstractApplicationContext.registerBeanPostProcessors(AbstractApplicationContext.java:713)
	at org.springframework.context.support.AbstractApplicationContext.refresh(AbstractApplicationContext.java:457)
	at org.codehaus.groovy.grails.commons.spring.DefaultRuntimeSpringConfiguration.getApplicationContext(DefaultRuntimeSpringConfiguration.java:153)
	at org.codehaus.groovy.grails.commons.spring.GrailsRuntimeConfigurator.configure(GrailsRuntimeConfigurator.java:170)
	at org.codehaus.groovy.grails.commons.spring.GrailsRuntimeConfigurator.configure(GrailsRuntimeConfigurator.java:127)
	at org.codehaus.groovy.grails.web.context.GrailsConfigUtils.configureWebApplicationContext(GrailsConfigUtils.java:121)
	at org.codehaus.groovy.grails.web.context.GrailsContextLoader.initWebApplicationContext(GrailsContextLoader.java:107)
	at org.springframework.web.context.ContextLoaderListener.contextInitialized(ContextLoaderListener.java:111)
	at org.apache.catalina.core.StandardContext.listenerStart(StandardContext.java:4939)
	at org.apache.catalina.core.StandardContext.startInternal(StandardContext.java:5434)
	at org.apache.catalina.util.LifecycleBase.start(LifecycleBase.java:150)
	at org.apache.catalina.core.ContainerBase$StartChild.call(ContainerBase.java:1559)
	at org.apache.catalina.core.ContainerBase$StartChild.call(ContainerBase.java:1549)
	at java.util.concurrent.FutureTask$Sync.innerRun(FutureTask.java:334)
	at java.util.concurrent.FutureTask.run(FutureTask.java:166)
	at java.util.concurrent.ThreadPoolExecutor.runWorker(ThreadPoolExecutor.java:1145)
	at java.util.concurrent.ThreadPoolExecutor$Worker.run(ThreadPoolExecutor.java:615)
	at java.lang.Thread.run(Thread.java:724)
2013-09-07 14:39:05,357 [localhost-startStop-1] ERROR StackTrace  - Full Stack Trace:
java.net.UnknownHostException: 154-78.priv23.nus.edu.sg: 154-78.priv23.nus.edu.sg: nodename nor servname provided, or not known
	at java.net.InetAddress.getLocalHost(InetAddress.java:1466)
	at net.sf.ehcache.Cache.<clinit>(Cache.java:200)
	at net.sf.ehcache.config.ConfigurationHelper.createCache(ConfigurationHelper.java:302)
	at net.sf.ehcache.config.ConfigurationHelper.createDefaultCache(ConfigurationHelper.java:218)
	at net.sf.ehcache.CacheManager.configure(CacheManager.java:618)
	at net.sf.ehcache.CacheManager.init(CacheManager.java:361)
	at net.sf.ehcache.CacheManager.<init>(CacheManager.java:230)
	at net.sf.ehcache.hibernate.EhCacheRegionFactory.start(EhCacheRegionFactory.java:70)
	at java.util.concurrent.FutureTask$Sync.innerRun(FutureTask.java:334)
	at java.util.concurrent.FutureTask.run(FutureTask.java:166)
	at java.util.concurrent.ThreadPoolExecutor.runWorker(ThreadPoolExecutor.java:1145)
	at java.util.concurrent.ThreadPoolExecutor$Worker.run(ThreadPoolExecutor.java:615)
	at java.lang.Thread.run(Thread.java:724)
Caused by: java.net.UnknownHostException: 154-78.priv23.nus.edu.sg: nodename nor servname provided, or not known
	at java.net.InetAddress$1.lookupAllHostAddr(InetAddress.java:894)
	at java.net.InetAddress.getAddressesFromNameService(InetAddress.java:1286)
	at java.net.InetAddress.getLocalHost(InetAddress.java:1462)
	... 12 more
2013-09-07 14:39:05,357 [localhost-startStop-1] ERROR StackTrace  - Full Stack Trace:
java.net.UnknownHostException: 154-78.priv23.nus.edu.sg: 154-78.priv23.nus.edu.sg: nodename nor servname provided, or not known
	at java.net.InetAddress.getLocalHost(InetAddress.java:1466)
	at net.sf.ehcache.Cache.<clinit>(Cache.java:200)
	at net.sf.ehcache.config.ConfigurationHelper.createCache(ConfigurationHelper.java:302)
	at net.sf.ehcache.config.ConfigurationHelper.createDefaultCache(ConfigurationHelper.java:218)
	at net.sf.ehcache.CacheManager.configure(CacheManager.java:618)
	at net.sf.ehcache.CacheManager.init(CacheManager.java:361)
	at net.sf.ehcache.CacheManager.<init>(CacheManager.java:230)
	at net.sf.ehcache.hibernate.EhCacheRegionFactory.start(EhCacheRegionFactory.java:70)
	at java.util.concurrent.FutureTask$Sync.innerRun(FutureTask.java:334)
	at java.util.concurrent.FutureTask.run(FutureTask.java:166)
	at java.util.concurrent.ThreadPoolExecutor.runWorker(ThreadPoolExecutor.java:1145)
	at java.util.concurrent.ThreadPoolExecutor$Worker.run(ThreadPoolExecutor.java:615)
	at java.lang.Thread.run(Thread.java:724)
Caused by: java.net.UnknownHostException: 154-78.priv23.nus.edu.sg: nodename nor servname provided, or not known
	at java.net.InetAddress$1.lookupAllHostAddr(InetAddress.java:894)
	at java.net.InetAddress.getAddressesFromNameService(InetAddress.java:1286)
	at java.net.InetAddress.getLocalHost(InetAddress.java:1462)
	... 12 more
2013-09-07 14:39:05,358 [localhost-startStop-1] ERROR StackTrace  - Full Stack Trace:
java.net.UnknownHostException: 154-78.priv23.nus.edu.sg: nodename nor servname provided, or not known
	at java.net.InetAddress$1.lookupAllHostAddr(InetAddress.java:894)
	at java.net.InetAddress.getAddressesFromNameService(InetAddress.java:1286)
	at java.net.InetAddress.getLocalHost(InetAddress.java:1462)
	at net.sf.ehcache.Cache.<clinit>(Cache.java:200)
	at net.sf.ehcache.config.ConfigurationHelper.createCache(ConfigurationHelper.java:302)
	at net.sf.ehcache.config.ConfigurationHelper.createDefaultCache(ConfigurationHelper.java:218)
	at net.sf.ehcache.CacheManager.configure(CacheManager.java:618)
	at net.sf.ehcache.CacheManager.init(CacheManager.java:361)
	at net.sf.ehcache.CacheManager.<init>(CacheManager.java:230)
	at net.sf.ehcache.hibernate.EhCacheRegionFactory.start(EhCacheRegionFactory.java:70)
	at java.util.concurrent.FutureTask$Sync.innerRun(FutureTask.java:334)
	at java.util.concurrent.FutureTask.run(FutureTask.java:166)
	at java.util.concurrent.ThreadPoolExecutor.runWorker(ThreadPoolExecutor.java:1145)
	at java.util.concurrent.ThreadPoolExecutor$Worker.run(ThreadPoolExecutor.java:615)
	at java.lang.Thread.run(Thread.java:724)
2013-09-07 14:39:05,358 [localhost-startStop-1] ERROR StackTrace  - Full Stack Trace:
java.net.UnknownHostException: 154-78.priv23.nus.edu.sg: 154-78.priv23.nus.edu.sg: nodename nor servname provided, or not known
	at java.net.InetAddress.getLocalHost(InetAddress.java:1466)
	at net.sf.ehcache.Cache.<clinit>(Cache.java:200)
	at net.sf.ehcache.config.ConfigurationHelper.createCache(ConfigurationHelper.java:302)
	at net.sf.ehcache.config.ConfigurationHelper.createDefaultCache(ConfigurationHelper.java:218)
	at net.sf.ehcache.CacheManager.configure(CacheManager.java:618)
	at net.sf.ehcache.CacheManager.init(CacheManager.java:361)
	at net.sf.ehcache.CacheManager.<init>(CacheManager.java:230)
	at net.sf.ehcache.hibernate.EhCacheRegionFactory.start(EhCacheRegionFactory.java:70)
	at java.util.concurrent.FutureTask$Sync.innerRun(FutureTask.java:334)
	at java.util.concurrent.FutureTask.run(FutureTask.java:166)
	at java.util.concurrent.ThreadPoolExecutor.runWorker(ThreadPoolExecutor.java:1145)
	at java.util.concurrent.ThreadPoolExecutor$Worker.run(ThreadPoolExecutor.java:615)
	at java.lang.Thread.run(Thread.java:724)
Caused by: java.net.UnknownHostException: 154-78.priv23.nus.edu.sg: nodename nor servname provided, or not known
	at java.net.InetAddress$1.lookupAllHostAddr(InetAddress.java:894)
	at java.net.InetAddress.getAddressesFromNameService(InetAddress.java:1286)
	at java.net.InetAddress.getLocalHost(InetAddress.java:1462)
	... 12 more
2013-09-07 14:39:16,690 [localhost-startStop-1] ERROR StackTrace  - Full Stack Trace:
org.h2.message.DbException: IO Exception: "java.net.UnknownHostException: 154-78.priv23.nus.edu.sg: 154-78.priv23.nus.edu.sg: nodename nor servname provided, or not known" [90028-164]
	at org.h2.message.DbException.get(DbException.java:158)
	at org.h2.message.DbException.convert(DbException.java:273)
	at org.h2.util.NetUtils.getLocalAddress(NetUtils.java:263)
	at org.h2.server.web.WebServer.updateURL(WebServer.java:324)
	at org.h2.server.web.WebServer.init(WebServer.java:314)
	at org.h2.server.web.WebServlet.init(WebServlet.java:51)
	at javax.servlet.GenericServlet.init(GenericServlet.java:160)
	at org.apache.catalina.core.StandardWrapper.initServlet(StandardWrapper.java:1280)
	at org.apache.catalina.core.StandardWrapper.loadServlet(StandardWrapper.java:1193)
	at org.apache.catalina.core.StandardWrapper.load(StandardWrapper.java:1088)
	at org.apache.catalina.core.StandardContext.loadOnStartup(StandardContext.java:5176)
	at org.apache.catalina.core.StandardContext.startInternal(StandardContext.java:5460)
	at org.apache.catalina.util.LifecycleBase.start(LifecycleBase.java:150)
	at org.apache.catalina.core.ContainerBase$StartChild.call(ContainerBase.java:1559)
	at org.apache.catalina.core.ContainerBase$StartChild.call(ContainerBase.java:1549)
	at java.util.concurrent.FutureTask$Sync.innerRun(FutureTask.java:334)
	at java.util.concurrent.FutureTask.run(FutureTask.java:166)
	at java.util.concurrent.ThreadPoolExecutor.runWorker(ThreadPoolExecutor.java:1145)
	at java.util.concurrent.ThreadPoolExecutor$Worker.run(ThreadPoolExecutor.java:615)
	at java.lang.Thread.run(Thread.java:724)
Caused by: org.h2.jdbc.JdbcSQLException: IO Exception: "java.net.UnknownHostException: 154-78.priv23.nus.edu.sg: 154-78.priv23.nus.edu.sg: nodename nor servname provided, or not known" [90028-164]
	at org.h2.message.DbException.getJdbcSQLException(DbException.java:329)
	... 20 more
Caused by: java.net.UnknownHostException: 154-78.priv23.nus.edu.sg: 154-78.priv23.nus.edu.sg: nodename nor servname provided, or not known
	at java.net.InetAddress.getLocalHost(InetAddress.java:1466)
	at org.h2.util.NetUtils.getLocalAddress(NetUtils.java:261)
	... 17 more
Caused by: java.net.UnknownHostException: 154-78.priv23.nus.edu.sg: nodename nor servname provided, or not known
	at java.net.Inet6AddressImpl.lookupAllHostAddr(Native Method)
	at java.net.InetAddress$1.lookupAllHostAddr(InetAddress.java:894)
	at java.net.InetAddress.getAddressesFromNameService(InetAddress.java:1286)
	at java.net.InetAddress.getLocalHost(InetAddress.java:1462)
	... 18 more
2013-09-07 14:39:16,691 [localhost-startStop-1] ERROR StackTrace  - Full Stack Trace:
org.h2.jdbc.JdbcSQLException: IO Exception: "java.net.UnknownHostException: 154-78.priv23.nus.edu.sg: 154-78.priv23.nus.edu.sg: nodename nor servname provided, or not known" [90028-164]
	at org.h2.message.DbException.getJdbcSQLException(DbException.java:329)
	at org.h2.message.DbException.get(DbException.java:158)
	at org.h2.message.DbException.convert(DbException.java:273)
	at org.h2.util.NetUtils.getLocalAddress(NetUtils.java:263)
	at org.h2.server.web.WebServer.updateURL(WebServer.java:324)
	at org.h2.server.web.WebServer.init(WebServer.java:314)
	at org.h2.server.web.WebServlet.init(WebServlet.java:51)
	at javax.servlet.GenericServlet.init(GenericServlet.java:160)
	at org.apache.catalina.core.StandardWrapper.initServlet(StandardWrapper.java:1280)
	at org.apache.catalina.core.StandardWrapper.loadServlet(StandardWrapper.java:1193)
	at org.apache.catalina.core.StandardWrapper.load(StandardWrapper.java:1088)
	at org.apache.catalina.core.StandardContext.loadOnStartup(StandardContext.java:5176)
	at org.apache.catalina.core.StandardContext.startInternal(StandardContext.java:5460)
	at org.apache.catalina.util.LifecycleBase.start(LifecycleBase.java:150)
	at org.apache.catalina.core.ContainerBase$StartChild.call(ContainerBase.java:1559)
	at org.apache.catalina.core.ContainerBase$StartChild.call(ContainerBase.java:1549)
	at java.util.concurrent.FutureTask$Sync.innerRun(FutureTask.java:334)
	at java.util.concurrent.FutureTask.run(FutureTask.java:166)
	at java.util.concurrent.ThreadPoolExecutor.runWorker(ThreadPoolExecutor.java:1145)
	at java.util.concurrent.ThreadPoolExecutor$Worker.run(ThreadPoolExecutor.java:615)
	at java.lang.Thread.run(Thread.java:724)
Caused by: java.net.UnknownHostException: 154-78.priv23.nus.edu.sg: 154-78.priv23.nus.edu.sg: nodename nor servname provided, or not known
	at java.net.InetAddress.getLocalHost(InetAddress.java:1466)
	at org.h2.util.NetUtils.getLocalAddress(NetUtils.java:261)
	... 17 more
Caused by: java.net.UnknownHostException: 154-78.priv23.nus.edu.sg: nodename nor servname provided, or not known
	at java.net.Inet6AddressImpl.lookupAllHostAddr(Native Method)
	at java.net.InetAddress$1.lookupAllHostAddr(InetAddress.java:894)
	at java.net.InetAddress.getAddressesFromNameService(InetAddress.java:1286)
	at java.net.InetAddress.getLocalHost(InetAddress.java:1462)
	... 18 more
2013-09-07 14:39:16,691 [localhost-startStop-1] ERROR StackTrace  - Full Stack Trace:
java.net.UnknownHostException: 154-78.priv23.nus.edu.sg: 154-78.priv23.nus.edu.sg: nodename nor servname provided, or not known
	at java.net.InetAddress.getLocalHost(InetAddress.java:1466)
	at org.h2.util.NetUtils.getLocalAddress(NetUtils.java:261)
	at org.h2.server.web.WebServer.updateURL(WebServer.java:324)
	at org.h2.server.web.WebServer.init(WebServer.java:314)
	at org.h2.server.web.WebServlet.init(WebServlet.java:51)
	at javax.servlet.GenericServlet.init(GenericServlet.java:160)
	at org.apache.catalina.core.StandardWrapper.initServlet(StandardWrapper.java:1280)
	at org.apache.catalina.core.StandardWrapper.loadServlet(StandardWrapper.java:1193)
	at org.apache.catalina.core.StandardWrapper.load(StandardWrapper.java:1088)
	at org.apache.catalina.core.StandardContext.loadOnStartup(StandardContext.java:5176)
	at org.apache.catalina.core.StandardContext.startInternal(StandardContext.java:5460)
	at org.apache.catalina.util.LifecycleBase.start(LifecycleBase.java:150)
	at org.apache.catalina.core.ContainerBase$StartChild.call(ContainerBase.java:1559)
	at org.apache.catalina.core.ContainerBase$StartChild.call(ContainerBase.java:1549)
	at java.util.concurrent.FutureTask$Sync.innerRun(FutureTask.java:334)
	at java.util.concurrent.FutureTask.run(FutureTask.java:166)
	at java.util.concurrent.ThreadPoolExecutor.runWorker(ThreadPoolExecutor.java:1145)
	at java.util.concurrent.ThreadPoolExecutor$Worker.run(ThreadPoolExecutor.java:615)
	at java.lang.Thread.run(Thread.java:724)
Caused by: java.net.UnknownHostException: 154-78.priv23.nus.edu.sg: nodename nor servname provided, or not known
	at java.net.Inet6AddressImpl.lookupAllHostAddr(Native Method)
	at java.net.InetAddress$1.lookupAllHostAddr(InetAddress.java:894)
	at java.net.InetAddress.getAddressesFromNameService(InetAddress.java:1286)
	at java.net.InetAddress.getLocalHost(InetAddress.java:1462)
	... 18 more
2013-09-07 14:39:16,692 [localhost-startStop-1] ERROR StackTrace  - Full Stack Trace:
java.net.UnknownHostException: 154-78.priv23.nus.edu.sg: nodename nor servname provided, or not known
	at java.net.Inet6AddressImpl.lookupAllHostAddr(Native Method)
	at java.net.InetAddress$1.lookupAllHostAddr(InetAddress.java:894)
	at java.net.InetAddress.getAddressesFromNameService(InetAddress.java:1286)
	at java.net.InetAddress.getLocalHost(InetAddress.java:1462)
	at org.h2.util.NetUtils.getLocalAddress(NetUtils.java:261)
	at org.h2.server.web.WebServer.updateURL(WebServer.java:324)
	at org.h2.server.web.WebServer.init(WebServer.java:314)
	at org.h2.server.web.WebServlet.init(WebServlet.java:51)
	at javax.servlet.GenericServlet.init(GenericServlet.java:160)
	at org.apache.catalina.core.StandardWrapper.initServlet(StandardWrapper.java:1280)
	at org.apache.catalina.core.StandardWrapper.loadServlet(StandardWrapper.java:1193)
	at org.apache.catalina.core.StandardWrapper.load(StandardWrapper.java:1088)
	at org.apache.catalina.core.StandardContext.loadOnStartup(StandardContext.java:5176)
	at org.apache.catalina.core.StandardContext.startInternal(StandardContext.java:5460)
	at org.apache.catalina.util.LifecycleBase.start(LifecycleBase.java:150)
	at org.apache.catalina.core.ContainerBase$StartChild.call(ContainerBase.java:1559)
	at org.apache.catalina.core.ContainerBase$StartChild.call(ContainerBase.java:1549)
	at java.util.concurrent.FutureTask$Sync.innerRun(FutureTask.java:334)
	at java.util.concurrent.FutureTask.run(FutureTask.java:166)
	at java.util.concurrent.ThreadPoolExecutor.runWorker(ThreadPoolExecutor.java:1145)
	at java.util.concurrent.ThreadPoolExecutor$Worker.run(ThreadPoolExecutor.java:615)
	at java.lang.Thread.run(Thread.java:724)
2013-09-07 14:39:16,692 [localhost-startStop-1] ERROR StackTrace  - Full Stack Trace:
org.h2.message.DbException: IO Exception: "java.net.UnknownHostException: 154-78.priv23.nus.edu.sg: 154-78.priv23.nus.edu.sg: nodename nor servname provided, or not known" [90028-164]
	at org.h2.message.DbException.get(DbException.java:158)
	at org.h2.message.DbException.convert(DbException.java:273)
	at org.h2.util.NetUtils.getLocalAddress(NetUtils.java:263)
	at org.h2.server.web.WebServer.updateURL(WebServer.java:324)
	at org.h2.server.web.WebServer.init(WebServer.java:314)
	at org.h2.server.web.WebServlet.init(WebServlet.java:51)
	at java.util.concurrent.FutureTask$Sync.innerRun(FutureTask.java:334)
	at java.util.concurrent.FutureTask.run(FutureTask.java:166)
	at java.util.concurrent.ThreadPoolExecutor.runWorker(ThreadPoolExecutor.java:1145)
	at java.util.concurrent.ThreadPoolExecutor$Worker.run(ThreadPoolExecutor.java:615)
	at java.lang.Thread.run(Thread.java:724)
Caused by: org.h2.jdbc.JdbcSQLException: IO Exception: "java.net.UnknownHostException: 154-78.priv23.nus.edu.sg: 154-78.priv23.nus.edu.sg: nodename nor servname provided, or not known" [90028-164]
	at org.h2.message.DbException.getJdbcSQLException(DbException.java:329)
	... 11 more
Caused by: java.net.UnknownHostException: 154-78.priv23.nus.edu.sg: 154-78.priv23.nus.edu.sg: nodename nor servname provided, or not known
	at java.net.InetAddress.getLocalHost(InetAddress.java:1466)
	at org.h2.util.NetUtils.getLocalAddress(NetUtils.java:261)
	... 8 more
Caused by: java.net.UnknownHostException: 154-78.priv23.nus.edu.sg: nodename nor servname provided, or not known
	at java.net.InetAddress$1.lookupAllHostAddr(InetAddress.java:894)
	at java.net.InetAddress.getAddressesFromNameService(InetAddress.java:1286)
	at java.net.InetAddress.getLocalHost(InetAddress.java:1462)
	... 9 more
2013-09-07 14:39:16,713 [localhost-startStop-1] ERROR StackTrace  - Full Stack Trace:
java.net.UnknownHostException: 154-78.priv23.nus.edu.sg: nodename nor servname provided, or not known
	at java.net.InetAddress$1.lookupAllHostAddr(InetAddress.java:894)
	at java.net.InetAddress.getAddressesFromNameService(InetAddress.java:1286)
	at java.net.InetAddress.getLocalHost(InetAddress.java:1462)
	at org.h2.util.NetUtils.getLocalAddress(NetUtils.java:261)
	at org.h2.server.web.WebServer.updateURL(WebServer.java:324)
	at org.h2.server.web.WebServer.init(WebServer.java:314)
	at org.h2.server.web.WebServlet.init(WebServlet.java:51)
	at java.util.concurrent.FutureTask$Sync.innerRun(FutureTask.java:334)
	at java.util.concurrent.FutureTask.run(FutureTask.java:166)
	at java.util.concurrent.ThreadPoolExecutor.runWorker(ThreadPoolExecutor.java:1145)
	at java.util.concurrent.ThreadPoolExecutor$Worker.run(ThreadPoolExecutor.java:615)
	at java.lang.Thread.run(Thread.java:724)
2013-09-07 14:39:16,713 [localhost-startStop-1] ERROR StackTrace  - Full Stack Trace:
java.net.UnknownHostException: 154-78.priv23.nus.edu.sg: nodename nor servname provided, or not known
	at java.net.InetAddress$1.lookupAllHostAddr(InetAddress.java:894)
	at java.net.InetAddress.getAddressesFromNameService(InetAddress.java:1286)
	at java.net.InetAddress.getLocalHost(InetAddress.java:1462)
	at org.h2.util.NetUtils.getLocalAddress(NetUtils.java:261)
	at org.h2.server.web.WebServer.updateURL(WebServer.java:324)
	at org.h2.server.web.WebServer.init(WebServer.java:314)
	at org.h2.server.web.WebServlet.init(WebServlet.java:51)
	at java.util.concurrent.FutureTask$Sync.innerRun(FutureTask.java:334)
	at java.util.concurrent.FutureTask.run(FutureTask.java:166)
	at java.util.concurrent.ThreadPoolExecutor.runWorker(ThreadPoolExecutor.java:1145)
	at java.util.concurrent.ThreadPoolExecutor$Worker.run(ThreadPoolExecutor.java:615)
	at java.lang.Thread.run(Thread.java:724)
